# JRE version: Java(TM) SE Runtime Environment (8.0_40-b26) (build 1.8.0_40-b26)
# Java VM: Java HotSpot(TM) 64-Bit Server VM (25.40-b25 mixed mode windows-amd64 compressed oops)
Heap:
 par new generation   total 613440K, used 284374K [0x00000006c0000000, 0x00000006e9990000, 0x00000006e9990000)
  eden space 545344K,  39% used [0x00000006c0000000, 0x00000006cd3359e0, 0x00000006e1490000)
  from space 68096K, 100% used [0x00000006e1490000, 0x00000006e5710000, 0x00000006e5710000)
  to   space 68096K,   0% used [0x00000006e5710000, 0x00000006e5710000, 0x00000006e9990000)
 concurrent mark-sweep generation total 1415616K, used 39949K [0x00000006e9990000, 0x0000000740000000, 0x00000007c0000000)
 Metaspace       used 28318K, capacity 28637K, committed 29028K, reserved 1075200K
  class space    used 3469K, capacity 3572K, committed 3684K, reserved 1048576K
GC Heap History (6 events):
Event: 1.133 GC heap before
{Heap before GC invocations=0 (full 0):
 par new generation   total 613440K, used 76368K [0x00000006c0000000, 0x00000006e9990000, 0x00000006e9990000)
  eden space 545344K,  14% used [0x00000006c0000000, 0x00000006c4a942f8, 0x00000006e1490000)
  from space 68096K,   0% used [0x00000006e1490000, 0x00000006e1490000, 0x00000006e5710000)
  to   space 68096K,   0% used [0x00000006e5710000, 0x00000006e5710000, 0x00000006e9990000)
 concurrent mark-sweep generation total 1415616K, used 0K [0x00000006e9990000, 0x0000000740000000, 0x00000007c0000000)
 Metaspace       used 10280K, capacity 10464K, committed 10752K, reserved 1058816K
  class space    used 1220K, capacity 1241K, committed 1280K, reserved 1048576K
Event: 1.180 GC heap after
Heap after GC invocations=1 (full 1):
 par new generation   total 613440K, used 0K [0x00000006c0000000, 0x00000006e9990000, 0x00000006e9990000)
  eden space 545344K,   0% used [0x00000006c0000000, 0x00000006c0000000, 0x00000006e1490000)
  from space 68096K,   0% used [0x00000006e1490000, 0x00000006e1490000, 0x00000006e5710000)
  to   space 68096K,   0% used [0x00000006e5710000, 0x00000006e5710000, 0x00000006e9990000)
 concurrent mark-sweep generation total 1415616K, used 5758K [0x00000006e9990000, 0x0000000740000000, 0x00000007c0000000)
 Metaspace       used 10280K, capacity 10464K, committed 10752K, reserved 1058816K
  class space    used 1220K, capacity 1241K, committed 1280K, reserved 1048576K
}
Event: 10.090 GC heap before
{Heap before GC invocations=1 (full 2):
 par new generation   total 613440K, used 545344K [0x00000006c0000000, 0x00000006e9990000, 0x00000006e9990000)
  eden space 545344K, 100% used [0x00000006c0000000, 0x00000006e1490000, 0x00000006e1490000)
  from space 68096K,   0% used [0x00000006e1490000, 0x00000006e1490000, 0x00000006e5710000)
  to   space 68096K,   0% used [0x00000006e5710000, 0x00000006e5710000, 0x00000006e9990000)
 concurrent mark-sweep generation total 1415616K, used 5758K [0x00000006e9990000, 0x0000000740000000, 0x00000007c0000000)
 Metaspace       used 24205K, capacity 24505K, committed 24872K, reserved 1071104K
  class space    used 2976K, capacity 3052K, committed 3096K, reserved 1048576K
Event: 10.131 GC heap after
Heap after GC invocations=2 (full 2):
 par new generation   total 613440K, used 35158K [0x00000006c0000000, 0x00000006e9990000, 0x00000006e9990000)
  eden space 545344K,   0% used [0x00000006c0000000, 0x00000006c0000000, 0x00000006e1490000)
  from space 68096K,  51% used [0x00000006e5710000, 0x00000006e7965ba8, 0x00000006e9990000)
  to   space 68096K,   0% used [0x00000006e1490000, 0x00000006e1490000, 0x00000006e5710000)
 concurrent mark-sweep generation total 1415616K, used 5758K [0x00000006e9990000, 0x0000000740000000, 0x00000007c0000000)
 Metaspace       used 24205K, capacity 24505K, committed 24872K, reserved 1071104K
  class space    used 2976K, capacity 3052K, committed 3096K, reserved 1048576K
}
Event: 15.950 GC heap before
{Heap before GC invocations=2 (full 2):
 par new generation   total 613440K, used 580502K [0x00000006c0000000, 0x00000006e9990000, 0x00000006e9990000)
  eden space 545344K, 100% used [0x00000006c0000000, 0x00000006e1490000, 0x00000006e1490000)
  from space 68096K,  51% used [0x00000006e5710000, 0x00000006e7965ba8, 0x00000006e9990000)
  to   space 68096K,   0% used [0x00000006e1490000, 0x00000006e1490000, 0x00000006e5710000)
 concurrent mark-sweep generation total 1415616K, used 2539K [0x00000006e9990000, 0x0000000740000000, 0x00000007c0000000)
 Metaspace       used 25691K, capacity 25919K, committed 26200K, reserved 1073152K
  class space    used 3124K, capacity 3181K, committed 3300K, reserved 1048576K
Event: 16.116 GC heap after
Heap after GC invocations=3 (full 2):
 par new generation   total 613440K, used 68096K [0x00000006c0000000, 0x00000006e9990000, 0x00000006e9990000)
  eden space 545344K,   0% used [0x00000006c0000000, 0x00000006c0000000, 0x00000006e1490000)
  from space 68096K, 100% used [0x00000006e1490000, 0x00000006e5710000, 0x00000006e5710000)
  to   space 68096K,   0% used [0x00000006e5710000, 0x00000006e5710000, 0x00000006e9990000)
 concurrent mark-sweep generation total 1415616K, used 39949K [0x00000006e9990000, 0x0000000740000000, 0x00000007c0000000)
 Metaspace       used 25691K, capacity 25919K, committed 26200K, reserved 1073152K
  class space    used 3124K, capacity 3181K, committed 3300K, reserved 1048576K
}

